
*** Running vivado
    with args -log blk_mem_gen_0.vds -m64 -product Vivado -mode batch -messageDb vivado.pb -notrace -source blk_mem_gen_0.tcl



****** Vivado v2024.1 (64-bit)
  **** SW Build 5076996 on Wed May 22 18:37:14 MDT 2024
  **** IP Build 5075265 on Wed May 22 21:45:21 MDT 2024
  **** SharedData Build 5076995 on Wed May 22 18:29:18 MDT 2024
  **** Start of session at: Wed Apr 23 21:14:09 2025
    ** Copyright 1986-2022 Xilinx, Inc. All Rights Reserved.
    ** Copyright 2022-2024 Advanced Micro Devices, Inc. All Rights Reserved.

source blk_mem_gen_0.tcl -notrace
create_project: Time (s): cpu = 00:00:05 ; elapsed = 00:00:06 . Memory (MB): peak = 531.105 ; gain = 199.660
INFO: [IP_Flow 19-6924] IPCACHE: Running cache check for IP inst: blk_mem_gen_0
INFO: [IP_Flow 19-6922] IPCACHE: Exporting cached entry 1ecd63720eccde73 to dir: E:/NItemp/25CourseComputerArchitecture/ComputerOrganization25/RV32VI_CPU_new/RV32VI_CPU.runs/blk_mem_gen_0_synth_1
INFO: [IP_Flow 19-6928] IPCACHE: copied cached file e:/NItemp/25CourseComputerArchitecture/ComputerOrganization25/RV32VI_CPU_new/RV32VI_CPU.cache/ip/2024.1/1/e/1ecd63720eccde73/blk_mem_gen_0.dcp to E:/NItemp/25CourseComputerArchitecture/ComputerOrganization25/RV32VI_CPU_new/RV32VI_CPU.runs/blk_mem_gen_0_synth_1/blk_mem_gen_0.dcp.
INFO: [IP_Flow 19-6928] IPCACHE: copied cached file e:/NItemp/25CourseComputerArchitecture/ComputerOrganization25/RV32VI_CPU_new/RV32VI_CPU.cache/ip/2024.1/1/e/1ecd63720eccde73/blk_mem_gen_0_sim_netlist.v to E:/NItemp/25CourseComputerArchitecture/ComputerOrganization25/RV32VI_CPU_new/RV32VI_CPU.runs/blk_mem_gen_0_synth_1/blk_mem_gen_0_sim_netlist.v.
INFO: [IP_Flow 19-6928] IPCACHE: copied cached file e:/NItemp/25CourseComputerArchitecture/ComputerOrganization25/RV32VI_CPU_new/RV32VI_CPU.cache/ip/2024.1/1/e/1ecd63720eccde73/blk_mem_gen_0_sim_netlist.vhdl to E:/NItemp/25CourseComputerArchitecture/ComputerOrganization25/RV32VI_CPU_new/RV32VI_CPU.runs/blk_mem_gen_0_synth_1/blk_mem_gen_0_sim_netlist.vhdl.
INFO: [IP_Flow 19-6928] IPCACHE: copied cached file e:/NItemp/25CourseComputerArchitecture/ComputerOrganization25/RV32VI_CPU_new/RV32VI_CPU.cache/ip/2024.1/1/e/1ecd63720eccde73/blk_mem_gen_0_stub.v to E:/NItemp/25CourseComputerArchitecture/ComputerOrganization25/RV32VI_CPU_new/RV32VI_CPU.runs/blk_mem_gen_0_synth_1/blk_mem_gen_0_stub.v.
INFO: [IP_Flow 19-6928] IPCACHE: copied cached file e:/NItemp/25CourseComputerArchitecture/ComputerOrganization25/RV32VI_CPU_new/RV32VI_CPU.cache/ip/2024.1/1/e/1ecd63720eccde73/blk_mem_gen_0_stub.vhdl to E:/NItemp/25CourseComputerArchitecture/ComputerOrganization25/RV32VI_CPU_new/RV32VI_CPU.runs/blk_mem_gen_0_synth_1/blk_mem_gen_0_stub.vhdl.
INFO: [IP_Flow 19-4838] Using cached IP synthesis design for IP blk_mem_gen_0, cache-ID = 1ecd63720eccde73.
INFO: [Common 17-206] Exiting Vivado at Wed Apr 23 21:14:18 2025...
