
*** Running vivado
    with args -log display.vds -m64 -product Vivado -mode batch -messageDb vivado.pb -notrace -source display.tcl



****** Vivado v2024.1 (64-bit)
  **** SW Build 5076996 on Wed May 22 18:37:14 MDT 2024
  **** IP Build 5075265 on Wed May 22 21:45:21 MDT 2024
  **** SharedData Build 5076995 on Wed May 22 18:29:18 MDT 2024
  **** Start of session at: Thu Dec 12 12:58:17 2024
    ** Copyright 1986-2022 Xilinx, Inc. All Rights Reserved.
    ** Copyright 2022-2024 Advanced Micro Devices, Inc. All Rights Reserved.

source display.tcl -notrace
create_project: Time (s): cpu = 00:00:06 ; elapsed = 00:00:06 . Memory (MB): peak = 531.414 ; gain = 199.633
Command: read_checkpoint -auto_incremental -incremental E:/NItemp/ALU1/ALU.srcs/utils_1/imports/synth_1/display.dcp
INFO: [Vivado 12-5825] Read reference checkpoint from E:/NItemp/ALU1/ALU.srcs/utils_1/imports/synth_1/display.dcp for incremental synthesis
INFO: [Vivado 12-7989] Please ensure there are no constraint changes
Command: synth_design -top display -part xc7a200tfbg676-2L
Starting synth_design
Attempting to get a license for feature 'Synthesis' and/or device 'xc7a200t'
INFO: [Common 17-349] Got license for feature 'Synthesis' and/or device 'xc7a200t'
INFO: [Device 21-403] Loading part xc7a200tfbg676-2L
INFO: [Device 21-9227] Part: xc7a200tfbg676-2L does not have CEAM library.
INFO: [Designutils 20-5440] No compile time benefit to using incremental synthesis; A full resynthesis will be run
INFO: [Designutils 20-4379] Flow is switching to default flow due to incremental criteria not met. If you would like to alter this behaviour and have the flow terminate instead, please set the following parameter config_implementation {autoIncr.Synth.RejectBehavior Terminate}
INFO: [Synth 8-7079] Multithreading enabled for synth_design using a maximum of 2 processes.
INFO: [Synth 8-7078] Launching helper process for spawning children vivado processes
INFO: [Synth 8-7075] Helper process launched with PID 15020
---------------------------------------------------------------------------------
Starting RTL Elaboration : Time (s): cpu = 00:00:04 ; elapsed = 00:00:04 . Memory (MB): peak = 1442.301 ; gain = 449.895
---------------------------------------------------------------------------------
WARNING: [Synth 8-11121] redeclaration of ANSI port 'judge' is not allowed [E:/NItemp/ALU1/ALU.srcs/sources_1/new/ALU.v:305]
INFO: [Synth 8-6157] synthesizing module 'display' [E:/NItemp/ALU1/ALU.srcs/sources_1/new/display.v:1]
INFO: [Synth 8-6157] synthesizing module 'ALU' [E:/NItemp/ALU1/ALU.srcs/sources_1/new/ALU.v:559]
INFO: [Synth 8-6157] synthesizing module 'CLA_add_32bit' [E:/NItemp/ALU1/ALU.srcs/sources_1/new/ALU.v:155]
INFO: [Synth 8-6157] synthesizing module 'Adder_16bit' [E:/NItemp/ALU1/ALU.srcs/sources_1/new/ALU.v:106]
INFO: [Synth 8-6157] synthesizing module 'CLA_add_4bit' [E:/NItemp/ALU1/ALU.srcs/sources_1/new/ALU.v:59]
INFO: [Synth 8-6157] synthesizing module 'fullAdder' [E:/NItemp/ALU1/ALU.srcs/sources_1/new/ALU.v:22]
INFO: [Synth 8-6155] done synthesizing module 'fullAdder' (0#1) [E:/NItemp/ALU1/ALU.srcs/sources_1/new/ALU.v:22]
INFO: [Synth 8-6157] synthesizing module 'CLA_4bit' [E:/NItemp/ALU1/ALU.srcs/sources_1/new/ALU.v:37]
INFO: [Synth 8-6155] done synthesizing module 'CLA_4bit' (0#1) [E:/NItemp/ALU1/ALU.srcs/sources_1/new/ALU.v:37]
INFO: [Synth 8-6155] done synthesizing module 'CLA_add_4bit' (0#1) [E:/NItemp/ALU1/ALU.srcs/sources_1/new/ALU.v:59]
INFO: [Synth 8-6155] done synthesizing module 'Adder_16bit' (0#1) [E:/NItemp/ALU1/ALU.srcs/sources_1/new/ALU.v:106]
INFO: [Synth 8-6155] done synthesizing module 'CLA_add_32bit' (0#1) [E:/NItemp/ALU1/ALU.srcs/sources_1/new/ALU.v:155]
INFO: [Synth 8-6157] synthesizing module 'AND32' [E:/NItemp/ALU1/ALU.srcs/sources_1/new/ALU.v:193]
INFO: [Synth 8-6155] done synthesizing module 'AND32' (0#1) [E:/NItemp/ALU1/ALU.srcs/sources_1/new/ALU.v:193]
INFO: [Synth 8-6157] synthesizing module 'OR32' [E:/NItemp/ALU1/ALU.srcs/sources_1/new/ALU.v:206]
INFO: [Synth 8-6155] done synthesizing module 'OR32' (0#1) [E:/NItemp/ALU1/ALU.srcs/sources_1/new/ALU.v:206]
INFO: [Synth 8-6157] synthesizing module 'XOR32' [E:/NItemp/ALU1/ALU.srcs/sources_1/new/ALU.v:219]
INFO: [Synth 8-6155] done synthesizing module 'XOR32' (0#1) [E:/NItemp/ALU1/ALU.srcs/sources_1/new/ALU.v:219]
INFO: [Synth 8-6157] synthesizing module 'NOT32' [E:/NItemp/ALU1/ALU.srcs/sources_1/new/ALU.v:232]
INFO: [Synth 8-6155] done synthesizing module 'NOT32' (0#1) [E:/NItemp/ALU1/ALU.srcs/sources_1/new/ALU.v:232]
INFO: [Synth 8-6157] synthesizing module 'shifter32' [E:/NItemp/ALU1/ALU.srcs/sources_1/new/ALU.v:245]
INFO: [Synth 8-6155] done synthesizing module 'shifter32' (0#1) [E:/NItemp/ALU1/ALU.srcs/sources_1/new/ALU.v:245]
INFO: [Synth 8-6157] synthesizing module 'Truncate_32bit' [E:/NItemp/ALU1/ALU.srcs/sources_1/new/ALU.v:496]
INFO: [Synth 8-6157] synthesizing module 'Cut_decoder' [E:/NItemp/ALU1/ALU.srcs/sources_1/new/ALU.v:292]
INFO: [Synth 8-6155] done synthesizing module 'Cut_decoder' (0#1) [E:/NItemp/ALU1/ALU.srcs/sources_1/new/ALU.v:292]
INFO: [Synth 8-6157] synthesizing module 'CutL' [E:/NItemp/ALU1/ALU.srcs/sources_1/new/ALU.v:340]
INFO: [Synth 8-6155] done synthesizing module 'CutL' (0#1) [E:/NItemp/ALU1/ALU.srcs/sources_1/new/ALU.v:340]
INFO: [Synth 8-6157] synthesizing module 'CutR' [E:/NItemp/ALU1/ALU.srcs/sources_1/new/ALU.v:418]
INFO: [Synth 8-6155] done synthesizing module 'CutR' (0#1) [E:/NItemp/ALU1/ALU.srcs/sources_1/new/ALU.v:418]
INFO: [Synth 8-6155] done synthesizing module 'Truncate_32bit' (0#1) [E:/NItemp/ALU1/ALU.srcs/sources_1/new/ALU.v:496]
INFO: [Synth 8-6155] done synthesizing module 'ALU' (0#1) [E:/NItemp/ALU1/ALU.srcs/sources_1/new/ALU.v:559]
INFO: [Synth 8-6157] synthesizing module 'lcd_module' [E:/NItemp/ALU1/ALU.runs/synth_1/.Xil/Vivado-13396-DESKTOP-Q2UBS45/realtime/lcd_module_stub.v:6]
INFO: [Synth 8-6155] done synthesizing module 'lcd_module' (0#1) [E:/NItemp/ALU1/ALU.runs/synth_1/.Xil/Vivado-13396-DESKTOP-Q2UBS45/realtime/lcd_module_stub.v:6]
INFO: [Synth 8-6155] done synthesizing module 'display' (0#1) [E:/NItemp/ALU1/ALU.srcs/sources_1/new/display.v:1]
WARNING: [Synth 8-7129] Port input_sel[2] in module display is either unconnected or has no load
WARNING: [Synth 8-7129] Port input_sel[1] in module display is either unconnected or has no load
WARNING: [Synth 8-7129] Port input_sel[0] in module display is either unconnected or has no load
---------------------------------------------------------------------------------
Finished RTL Elaboration : Time (s): cpu = 00:00:05 ; elapsed = 00:00:05 . Memory (MB): peak = 1567.125 ; gain = 574.719
---------------------------------------------------------------------------------
---------------------------------------------------------------------------------
Start Handling Custom Attributes
---------------------------------------------------------------------------------
---------------------------------------------------------------------------------
Finished Handling Custom Attributes : Time (s): cpu = 00:00:05 ; elapsed = 00:00:05 . Memory (MB): peak = 1567.125 ; gain = 574.719
---------------------------------------------------------------------------------
---------------------------------------------------------------------------------
Finished RTL Optimization Phase 1 : Time (s): cpu = 00:00:05 ; elapsed = 00:00:05 . Memory (MB): peak = 1567.125 ; gain = 574.719
---------------------------------------------------------------------------------
Netlist sorting complete. Time (s): cpu = 00:00:00 ; elapsed = 00:00:00.018 . Memory (MB): peak = 1567.125 ; gain = 0.000
INFO: [Project 1-570] Preparing netlist for logic optimization

Processing XDC Constraints
Initializing timing engine
Parsing XDC File [E:/NItemp/ALU1/ALU.srcs/constrs_1/new/ALU.xdc]
CRITICAL WARNING: [Common 17-161] Invalid option value '#' specified for 'objects'. [E:/NItemp/ALU1/ALU.srcs/constrs_1/new/ALU.xdc:19]
WARNING: [Vivado 12-584] No ports matched 'led_overflow'. [E:/NItemp/ALU1/ALU.srcs/constrs_1/new/ALU.xdc:24]
WARNING: [Vivado 12-584] No ports matched 'led_overflow'. [E:/NItemp/ALU1/ALU.srcs/constrs_1/new/ALU.xdc:25]
Finished Parsing XDC File [E:/NItemp/ALU1/ALU.srcs/constrs_1/new/ALU.xdc]
WARNING: [Project 1-498] One or more constraints failed evaluation while reading constraint file [E:/NItemp/ALU1/ALU.srcs/constrs_1/new/ALU.xdc] and the design contains unresolved black boxes. These constraints will be read post-synthesis (as long as their source constraint file is marked as used_in_implementation) and should be applied correctly then. You should review the constraints listed in the file [.Xil/display_propImpl.xdc] and check the run log file to verify that these constraints were correctly applied.
INFO: [Project 1-236] Implementation specific constraints were found while reading constraint file [E:/NItemp/ALU1/ALU.srcs/constrs_1/new/ALU.xdc]. These constraints will be ignored for synthesis but will be used in implementation. Impacted constraints are listed in the file [.Xil/display_propImpl.xdc].
Resolution: To avoid this warning, move constraints listed in [.Xil/display_propImpl.xdc] to another XDC file and exclude this new file from synthesis with the used_in_synthesis property (File Properties dialog in GUI) and re-run elaboration/synthesis.
Completed Processing XDC Constraints

Netlist sorting complete. Time (s): cpu = 00:00:00 ; elapsed = 00:00:00 . Memory (MB): peak = 1585.648 ; gain = 0.000
INFO: [Project 1-111] Unisim Transformation Summary:
No Unisim elements were transformed.

Constraint Validation Runtime : Time (s): cpu = 00:00:00 ; elapsed = 00:00:00.004 . Memory (MB): peak = 1585.648 ; gain = 0.000
INFO: [Designutils 20-5440] No compile time benefit to using incremental synthesis; A full resynthesis will be run
INFO: [Designutils 20-4379] Flow is switching to default flow due to incremental criteria not met. If you would like to alter this behaviour and have the flow terminate instead, please set the following parameter config_implementation {autoIncr.Synth.RejectBehavior Terminate}
---------------------------------------------------------------------------------
Finished Constraint Validation : Time (s): cpu = 00:00:11 ; elapsed = 00:00:11 . Memory (MB): peak = 1585.648 ; gain = 593.242
---------------------------------------------------------------------------------
---------------------------------------------------------------------------------
Start Loading Part and Timing Information
---------------------------------------------------------------------------------
Loading part: xc7a200tfbg676-2L
---------------------------------------------------------------------------------
Finished Loading Part and Timing Information : Time (s): cpu = 00:00:11 ; elapsed = 00:00:11 . Memory (MB): peak = 1585.648 ; gain = 593.242
---------------------------------------------------------------------------------
---------------------------------------------------------------------------------
Start Applying 'set_property' XDC Constraints
---------------------------------------------------------------------------------
---------------------------------------------------------------------------------
Finished applying 'set_property' XDC Constraints : Time (s): cpu = 00:00:11 ; elapsed = 00:00:11 . Memory (MB): peak = 1585.648 ; gain = 593.242
---------------------------------------------------------------------------------
---------------------------------------------------------------------------------
Finished RTL Optimization Phase 2 : Time (s): cpu = 00:00:12 ; elapsed = 00:00:12 . Memory (MB): peak = 1585.648 ; gain = 593.242
---------------------------------------------------------------------------------
---------------------------------------------------------------------------------
Start RTL Component Statistics 
---------------------------------------------------------------------------------
Detailed RTL Component Info : 
+---Adders : 
	   2 Input    6 Bit       Adders := 1     
	   2 Input    5 Bit       Adders := 31    
+---XORs : 
	   3 Input      1 Bit         XORs := 32    
	   2 Input      1 Bit         XORs := 32    
+---Registers : 
	               40 Bit    Registers := 1     
	               32 Bit    Registers := 3     
	                5 Bit    Registers := 1     
	                4 Bit    Registers := 1     
	                2 Bit    Registers := 1     
	                1 Bit    Registers := 2     
+---Muxes : 
	   2 Input   38 Bit        Muxes := 1     
	   9 Input   38 Bit        Muxes := 1     
	   4 Input   32 Bit        Muxes := 1     
	   2 Input   32 Bit        Muxes := 2     
	   2 Input    1 Bit        Muxes := 64    
	   9 Input    1 Bit        Muxes := 1     
---------------------------------------------------------------------------------
Finished RTL Component Statistics 
---------------------------------------------------------------------------------
---------------------------------------------------------------------------------
Start Part Resource Summary
---------------------------------------------------------------------------------
Part Resources:
DSPs: 740 (col length:100)
BRAMs: 730 (col length: RAMB18 100 RAMB36 50)
---------------------------------------------------------------------------------
Finished Part Resource Summary
---------------------------------------------------------------------------------
---------------------------------------------------------------------------------
Start Cross Boundary and Area Optimization
---------------------------------------------------------------------------------
WARNING: [Synth 8-7080] Parallel synthesis criteria is not met
WARNING: [Synth 8-7129] Port input_sel[2] in module display is either unconnected or has no load
WARNING: [Synth 8-7129] Port input_sel[1] in module display is either unconnected or has no load
WARNING: [Synth 8-7129] Port input_sel[0] in module display is either unconnected or has no load
---------------------------------------------------------------------------------
Finished Cross Boundary and Area Optimization : Time (s): cpu = 00:00:14 ; elapsed = 00:00:14 . Memory (MB): peak = 1585.648 ; gain = 593.242
---------------------------------------------------------------------------------
---------------------------------------------------------------------------------
Start Applying XDC Timing Constraints
---------------------------------------------------------------------------------
---------------------------------------------------------------------------------
Finished Applying XDC Timing Constraints : Time (s): cpu = 00:00:18 ; elapsed = 00:00:19 . Memory (MB): peak = 1585.648 ; gain = 593.242
---------------------------------------------------------------------------------
---------------------------------------------------------------------------------
Start Timing Optimization
---------------------------------------------------------------------------------
---------------------------------------------------------------------------------
Finished Timing Optimization : Time (s): cpu = 00:00:18 ; elapsed = 00:00:19 . Memory (MB): peak = 1585.648 ; gain = 593.242
---------------------------------------------------------------------------------
---------------------------------------------------------------------------------
Start Technology Mapping
---------------------------------------------------------------------------------
---------------------------------------------------------------------------------
Finished Technology Mapping : Time (s): cpu = 00:00:18 ; elapsed = 00:00:19 . Memory (MB): peak = 1585.648 ; gain = 593.242
---------------------------------------------------------------------------------
---------------------------------------------------------------------------------
Start IO Insertion
---------------------------------------------------------------------------------
---------------------------------------------------------------------------------
Start Flattening Before IO Insertion
---------------------------------------------------------------------------------
---------------------------------------------------------------------------------
Finished Flattening Before IO Insertion
---------------------------------------------------------------------------------
---------------------------------------------------------------------------------
Start Final Netlist Cleanup
---------------------------------------------------------------------------------
---------------------------------------------------------------------------------
Finished Final Netlist Cleanup
---------------------------------------------------------------------------------
---------------------------------------------------------------------------------
Finished IO Insertion : Time (s): cpu = 00:00:21 ; elapsed = 00:00:22 . Memory (MB): peak = 1585.648 ; gain = 593.242
---------------------------------------------------------------------------------
---------------------------------------------------------------------------------
Start Renaming Generated Instances
---------------------------------------------------------------------------------
---------------------------------------------------------------------------------
Finished Renaming Generated Instances : Time (s): cpu = 00:00:21 ; elapsed = 00:00:22 . Memory (MB): peak = 1585.648 ; gain = 593.242
---------------------------------------------------------------------------------
---------------------------------------------------------------------------------
Start Rebuilding User Hierarchy
---------------------------------------------------------------------------------
---------------------------------------------------------------------------------
Finished Rebuilding User Hierarchy : Time (s): cpu = 00:00:21 ; elapsed = 00:00:22 . Memory (MB): peak = 1585.648 ; gain = 593.242
---------------------------------------------------------------------------------
---------------------------------------------------------------------------------
Start Renaming Generated Ports
---------------------------------------------------------------------------------
---------------------------------------------------------------------------------
Finished Renaming Generated Ports : Time (s): cpu = 00:00:21 ; elapsed = 00:00:22 . Memory (MB): peak = 1585.648 ; gain = 593.242
---------------------------------------------------------------------------------
---------------------------------------------------------------------------------
Start Handling Custom Attributes
---------------------------------------------------------------------------------
---------------------------------------------------------------------------------
Finished Handling Custom Attributes : Time (s): cpu = 00:00:21 ; elapsed = 00:00:22 . Memory (MB): peak = 1585.648 ; gain = 593.242
---------------------------------------------------------------------------------
---------------------------------------------------------------------------------
Start Renaming Generated Nets
---------------------------------------------------------------------------------
---------------------------------------------------------------------------------
Finished Renaming Generated Nets : Time (s): cpu = 00:00:21 ; elapsed = 00:00:22 . Memory (MB): peak = 1585.648 ; gain = 593.242
---------------------------------------------------------------------------------
---------------------------------------------------------------------------------
Start Writing Synthesis Report
---------------------------------------------------------------------------------

Report BlackBoxes: 
+------+--------------+----------+
|      |BlackBox name |Instances |
+------+--------------+----------+
|1     |lcd_module    |         1|
+------+--------------+----------+

Report Cell Usage: 
+------+-----------+------+
|      |Cell       |Count |
+------+-----------+------+
|1     |lcd_module |     1|
|2     |BUFG       |     1|
|3     |LUT1       |     1|
|4     |LUT2       |     1|
|5     |LUT6       |     5|
|6     |FDCE       |     6|
|7     |IBUF       |     2|
|8     |OBUF       |     8|
+------+-----------+------+
---------------------------------------------------------------------------------
Finished Writing Synthesis Report : Time (s): cpu = 00:00:21 ; elapsed = 00:00:22 . Memory (MB): peak = 1585.648 ; gain = 593.242
---------------------------------------------------------------------------------
Synthesis finished with 0 errors, 0 critical warnings and 4 warnings.
Synthesis Optimization Runtime : Time (s): cpu = 00:00:15 ; elapsed = 00:00:20 . Memory (MB): peak = 1585.648 ; gain = 574.719
Synthesis Optimization Complete : Time (s): cpu = 00:00:22 ; elapsed = 00:00:22 . Memory (MB): peak = 1585.648 ; gain = 593.242
INFO: [Project 1-571] Translating synthesized netlist
Netlist sorting complete. Time (s): cpu = 00:00:00 ; elapsed = 00:00:00.001 . Memory (MB): peak = 1585.648 ; gain = 0.000
INFO: [Project 1-570] Preparing netlist for logic optimization
INFO: [Opt 31-138] Pushed 0 inverter(s) to 0 load pin(s).
Netlist sorting complete. Time (s): cpu = 00:00:00 ; elapsed = 00:00:00 . Memory (MB): peak = 1585.648 ; gain = 0.000
INFO: [Project 1-111] Unisim Transformation Summary:
No Unisim elements were transformed.

Synth Design complete | Checksum: 1d640664
INFO: [Common 17-83] Releasing license: Synthesis
54 Infos, 11 Warnings, 1 Critical Warnings and 0 Errors encountered.
synth_design completed successfully
synth_design: Time (s): cpu = 00:00:25 ; elapsed = 00:00:27 . Memory (MB): peak = 1585.648 ; gain = 1049.461
INFO: [runtcl-6] Synthesis results are not added to the cache due to CRITICAL_WARNING
Write ShapeDB Complete: Time (s): cpu = 00:00:00 ; elapsed = 00:00:00.001 . Memory (MB): peak = 1585.648 ; gain = 0.000
INFO: [Common 17-1381] The checkpoint 'E:/NItemp/ALU1/ALU.runs/synth_1/display.dcp' has been generated.
INFO: [Vivado 12-24828] Executing command : report_utilization -file display_utilization_synth.rpt -pb display_utilization_synth.pb
INFO: [Common 17-206] Exiting Vivado at Thu Dec 12 12:58:52 2024...
